Jan 18, 2023 12:43:41 AM com.adder.SumOfTwoNumbers init
INFO: Logger Initialized
Jan 18, 2023 12:43:41 AM com.adder.SumOfTwoNumbers <init>
INFO: Constructor Rest API
Jan 18, 2023 12:43:41 AM com.adder.SumOfTwoNumbers sumOfTwo
INFO: Sum of Two numbers is 2.5
Jan 18, 2023 12:43:47 AM com.adder.SumOfTwoNumbers init
INFO: Logger Initialized
Jan 18, 2023 12:43:47 AM com.adder.SumOfTwoNumbers <init>
INFO: Constructor Rest API
Jan 18, 2023 12:43:47 AM com.adder.SumOfTwoNumbers sumOfTwo
INFO: Sum of Two numbers is 2.5
Jan 18, 2023 12:43:51 AM com.adder.SumOfTwoNumbers init
INFO: Logger Initialized
Jan 18, 2023 12:43:51 AM com.adder.SumOfTwoNumbers <init>
INFO: Constructor Rest API
Jan 18, 2023 12:43:51 AM com.adder.SumOfTwoNumbers sumOfTwo
INFO: Sum of Two numbers is 3.5
Jan 18, 2023 12:43:59 AM com.adder.SumOfTwoNumbers init
INFO: Logger Initialized
Jan 18, 2023 12:43:59 AM com.adder.SumOfTwoNumbers <init>
INFO: Constructor Rest API
Jan 18, 2023 12:43:59 AM com.adder.SumOfTwoNumbers sumOfTwo
INFO: Sum of Two numbers is 35.0
Jan 18, 2023 12:44:26 AM com.adder.SumOfTwoNumbers init
INFO: Logger Initialized
Jan 18, 2023 12:44:26 AM com.adder.SumOfTwoNumbers <init>
INFO: Constructor Rest API
Jan 18, 2023 12:44:26 AM com.adder.SumOfTwoNumbers sumOfTwo
INFO: Sum of Two numbers is 225.0
Jan 18, 2023 12:45:56 AM com.adder.SumOfTwoNumbers init
INFO: Logger Initialized
Jan 18, 2023 12:45:56 AM com.adder.SumOfTwoNumbers <init>
INFO: Constructor Rest API
Jan 18, 2023 12:46:05 AM com.adder.SumOfTwoNumbers init
INFO: Logger Initialized
Jan 18, 2023 12:46:05 AM com.adder.SumOfTwoNumbers <init>
INFO: Constructor Rest API
Jan 18, 2023 12:46:05 AM com.adder.SumOfTwoNumbers sumOfTwo
INFO: Sum of Two numbers is 225.0
Jan 18, 2023 12:47:36 AM com.adder.SumOfTwoNumbers init
INFO: Logger Initialized
Jan 18, 2023 12:47:36 AM com.adder.SumOfTwoNumbers <init>
INFO: Constructor Rest API
Jan 18, 2023 12:47:36 AM com.adder.SumOfTwoNumbers sumOfTwo
INFO: Sum of Two numbers is 225.0
